{"/home/runner/work/kelion-voice/kelion-voice/src/app.js": {"path":"/home/runner/work/kelion-voice/kelion-voice/src/app.js","statementMap":{"0":{"start":{"line":3,"column":16},"end":{"line":3,"column":34}},"1":{"start":{"line":4,"column":20},"end":{"line":4,"column":45}},"2":{"start":{"line":6,"column":12},"end":{"line":6,"column":21}},"3":{"start":{"line":8,"column":0},"end":{"line":8,"column":24}},"4":{"start":{"line":10,"column":0},"end":{"line":12,"column":3}},"5":{"start":{"line":11,"column":2},"end":{"line":11,"column":66}},"6":{"start":{"line":14,"column":0},"end":{"line":14,"column":35}},"7":{"start":{"line":16,"column":0},"end":{"line":18,"column":3}},"8":{"start":{"line":17,"column":2},"end":{"line":17,"column":47}},"9":{"start":{"line":20,"column":0},"end":{"line":25,"column":3}},"10":{"start":{"line":27,"column":0},"end":{"line":27,"column":21}},"11":{"start":{"line":29,"column":0},"end":{"line":36,"column":1}}},"fnMap":{"0":{"name":"(anonymous_0)","decl":{"start":{"line":10,"column":19},"end":{"line":10,"column":20}},"loc":{"start":{"line":10,"column":33},"end":{"line":12,"column":1}},"line":10},"1":{"name":"(anonymous_1)","decl":{"start":{"line":16,"column":8},"end":{"line":16,"column":9}},"loc":{"start":{"line":16,"column":22},"end":{"line":18,"column":1}},"line":16},"2":{"name":"(anonymous_2)","decl":{"start":{"line":20,"column":8},"end":{"line":20,"column":9}},"loc":{"start":{"line":20,"column":33},"end":{"line":25,"column":1}},"line":20}},"branchMap":{"0":{"loc":{"start":{"line":29,"column":0},"end":{"line":36,"column":1}},"type":"if","locations":[{"start":{"line":29,"column":0},"end":{"line":36,"column":1}},{"start":{},"end":{}}],"line":29}},"s":{"0":2,"1":2,"2":2,"3":2,"4":2,"5":1,"6":2,"7":2,"8":2,"9":2,"10":2,"11":2},"f":{"0":1,"1":2,"2":0},"b":{"0":[0,2]},"_coverageSchema":"1a1c01bbd47fc00a2c39e90264f33305004495a9","hash":"c03c4a8ae2dade22f8c13e69243b4a3150d6b1af"}
,"/home/runner/work/kelion-voice/kelion-voice/src/middleware/validation.js": {"path":"/home/runner/work/kelion-voice/kelion-voice/src/middleware/validation.js","statementMap":{"0":{"start":{"line":7,"column":2},"end":{"line":9,"column":3}},"1":{"start":{"line":8,"column":4},"end":{"line":8,"column":84}},"2":{"start":{"line":10,"column":2},"end":{"line":10,"column":9}},"3":{"start":{"line":18,"column":2},"end":{"line":27,"column":4}},"4":{"start":{"line":19,"column":20},"end":{"line":19,"column":91}},"5":{"start":{"line":19,"column":41},"end":{"line":19,"column":90}},"6":{"start":{"line":20,"column":4},"end":{"line":25,"column":5}},"7":{"start":{"line":21,"column":6},"end":{"line":24,"column":9}},"8":{"start":{"line":26,"column":4},"end":{"line":26,"column":11}},"9":{"start":{"line":35,"column":2},"end":{"line":43,"column":4}},"10":{"start":{"line":36,"column":26},"end":{"line":36,"column":76}},"11":{"start":{"line":37,"column":4},"end":{"line":41,"column":5}},"12":{"start":{"line":38,"column":6},"end":{"line":40,"column":9}},"13":{"start":{"line":42,"column":4},"end":{"line":42,"column":11}},"14":{"start":{"line":46,"column":0},"end":{"line":46,"column":66}}},"fnMap":{"0":{"name":"requireJson","decl":{"start":{"line":6,"column":9},"end":{"line":6,"column":20}},"loc":{"start":{"line":6,"column":37},"end":{"line":11,"column":1}},"line":6},"1":{"name":"requireFields","decl":{"start":{"line":17,"column":9},"end":{"line":17,"column":22}},"loc":{"start":{"line":17,"column":31},"end":{"line":28,"column":1}},"line":17},"2":{"name":"(anonymous_2)","decl":{"start":{"line":18,"column":9},"end":{"line":18,"column":10}},"loc":{"start":{"line":18,"column":29},"end":{"line":27,"column":3}},"line":18},"3":{"name":"(anonymous_3)","decl":{"start":{"line":19,"column":34},"end":{"line":19,"column":35}},"loc":{"start":{"line":19,"column":41},"end":{"line":19,"column":90}},"line":19},"4":{"name":"limitPayloadSize","decl":{"start":{"line":34,"column":9},"end":{"line":34,"column":25}},"loc":{"start":{"line":34,"column":36},"end":{"line":44,"column":1}},"line":34},"5":{"name":"(anonymous_5)","decl":{"start":{"line":35,"column":9},"end":{"line":35,"column":10}},"loc":{"start":{"line":35,"column":29},"end":{"line":43,"column":3}},"line":35}},"branchMap":{"0":{"loc":{"start":{"line":7,"column":2},"end":{"line":9,"column":3}},"type":"if","locations":[{"start":{"line":7,"column":2},"end":{"line":9,"column":3}},{"start":{},"end":{}}],"line":7},"1":{"loc":{"start":{"line":19,"column":41},"end":{"line":19,"column":90}},"type":"binary-expr","locations":[{"start":{"line":19,"column":41},"end":{"line":19,"column":66}},{"start":{"line":19,"column":70},"end":{"line":19,"column":90}}],"line":19},"2":{"loc":{"start":{"line":20,"column":4},"end":{"line":25,"column":5}},"type":"if","locations":[{"start":{"line":20,"column":4},"end":{"line":25,"column":5}},{"start":{},"end":{}}],"line":20},"3":{"loc":{"start":{"line":36,"column":35},"end":{"line":36,"column":71}},"type":"binary-expr","locations":[{"start":{"line":36,"column":35},"end":{"line":36,"column":64}},{"start":{"line":36,"column":68},"end":{"line":36,"column":71}}],"line":36},"4":{"loc":{"start":{"line":37,"column":4},"end":{"line":41,"column":5}},"type":"if","locations":[{"start":{"line":37,"column":4},"end":{"line":41,"column":5}},{"start":{},"end":{}}],"line":37}},"s":{"0":3,"1":2,"2":1,"3":5,"4":19,"5":23,"6":19,"7":5,"8":14,"9":3,"10":11,"11":11,"12":2,"13":9,"14":3},"f":{"0":3,"1":5,"2":19,"3":23,"4":3,"5":11},"b":{"0":[2,1],"1":[23,18],"2":[5,14],"3":[11,1],"4":[2,9]},"_coverageSchema":"1a1c01bbd47fc00a2c39e90264f33305004495a9","hash":"f36a89b6052586dd29e206fad7a982b49e106f75"}
,"/home/runner/work/kelion-voice/kelion-voice/src/routes/voice.js": {"path":"/home/runner/work/kelion-voice/kelion-voice/src/routes/voice.js","statementMap":{"0":{"start":{"line":3,"column":16},"end":{"line":3,"column":34}},"1":{"start":{"line":4,"column":94},"end":{"line":4,"column":126}},"2":{"start":{"line":5,"column":44},"end":{"line":5,"column":79}},"3":{"start":{"line":7,"column":15},"end":{"line":7,"column":31}},"4":{"start":{"line":9,"column":26},"end":{"line":9,"column":35}},"5":{"start":{"line":11,"column":0},"end":{"line":13,"column":3}},"6":{"start":{"line":12,"column":2},"end":{"line":12,"column":41}},"7":{"start":{"line":15,"column":0},"end":{"line":17,"column":3}},"8":{"start":{"line":16,"column":2},"end":{"line":16,"column":47}},"9":{"start":{"line":19,"column":0},"end":{"line":34,"column":3}},"10":{"start":{"line":20,"column":17},"end":{"line":20,"column":45}},"11":{"start":{"line":22,"column":2},"end":{"line":24,"column":3}},"12":{"start":{"line":23,"column":4},"end":{"line":23,"column":88}},"13":{"start":{"line":26,"column":24},"end":{"line":26,"column":30}},"14":{"start":{"line":27,"column":26},"end":{"line":27,"column":81}},"15":{"start":{"line":29,"column":2},"end":{"line":33,"column":5}},"16":{"start":{"line":36,"column":0},"end":{"line":55,"column":3}},"17":{"start":{"line":37,"column":26},"end":{"line":37,"column":34}},"18":{"start":{"line":39,"column":2},"end":{"line":41,"column":3}},"19":{"start":{"line":40,"column":4},"end":{"line":40,"column":78}},"20":{"start":{"line":43,"column":22},"end":{"line":43,"column":63}},"21":{"start":{"line":45,"column":2},"end":{"line":47,"column":3}},"22":{"start":{"line":46,"column":4},"end":{"line":46,"column":78}},"23":{"start":{"line":49,"column":19},"end":{"line":49,"column":60}},"24":{"start":{"line":51,"column":2},"end":{"line":54,"column":5}},"25":{"start":{"line":57,"column":0},"end":{"line":57,"column":24}}},"fnMap":{"0":{"name":"(anonymous_0)","decl":{"start":{"line":11,"column":22},"end":{"line":11,"column":23}},"loc":{"start":{"line":11,"column":36},"end":{"line":13,"column":1}},"line":11},"1":{"name":"(anonymous_1)","decl":{"start":{"line":15,"column":25},"end":{"line":15,"column":26}},"loc":{"start":{"line":15,"column":39},"end":{"line":17,"column":1}},"line":15},"2":{"name":"(anonymous_2)","decl":{"start":{"line":19,"column":89},"end":{"line":19,"column":90}},"loc":{"start":{"line":19,"column":103},"end":{"line":34,"column":1}},"line":19},"3":{"name":"(anonymous_3)","decl":{"start":{"line":36,"column":50},"end":{"line":36,"column":51}},"loc":{"start":{"line":36,"column":64},"end":{"line":55,"column":1}},"line":36}},"branchMap":{"0":{"loc":{"start":{"line":22,"column":2},"end":{"line":24,"column":3}},"type":"if","locations":[{"start":{"line":22,"column":2},"end":{"line":24,"column":3}},{"start":{},"end":{}}],"line":22},"1":{"loc":{"start":{"line":39,"column":2},"end":{"line":41,"column":3}},"type":"if","locations":[{"start":{"line":39,"column":2},"end":{"line":41,"column":3}},{"start":{},"end":{}}],"line":39},"2":{"loc":{"start":{"line":39,"column":6},"end":{"line":39,"column":58}},"type":"binary-expr","locations":[{"start":{"line":39,"column":6},"end":{"line":39,"column":30}},{"start":{"line":39,"column":34},"end":{"line":39,"column":58}}],"line":39},"3":{"loc":{"start":{"line":43,"column":22},"end":{"line":43,"column":63}},"type":"cond-expr","locations":[{"start":{"line":43,"column":44},"end":{"line":43,"column":57}},{"start":{"line":43,"column":60},"end":{"line":43,"column":63}}],"line":43},"4":{"loc":{"start":{"line":45,"column":2},"end":{"line":47,"column":3}},"type":"if","locations":[{"start":{"line":45,"column":2},"end":{"line":47,"column":3}},{"start":{},"end":{}}],"line":45},"5":{"loc":{"start":{"line":45,"column":6},"end":{"line":45,"column":44}},"type":"binary-expr","locations":[{"start":{"line":45,"column":6},"end":{"line":45,"column":24}},{"start":{"line":45,"column":28},"end":{"line":45,"column":44}}],"line":45}},"s":{"0":2,"1":2,"2":2,"3":2,"4":2,"5":2,"6":1,"7":2,"8":1,"9":2,"10":6,"11":6,"12":4,"13":2,"14":2,"15":2,"16":2,"17":7,"18":7,"19":1,"20":6,"21":6,"22":2,"23":4,"24":4,"25":2},"f":{"0":1,"1":1,"2":6,"3":7},"b":{"0":[4,2],"1":[1,6],"2":[7,7],"3":[4,2],"4":[2,4],"5":[6,5]},"_coverageSchema":"1a1c01bbd47fc00a2c39e90264f33305004495a9","hash":"9a5a3806c983805be21e13394327112bbe0ff21e"}
,"/home/runner/work/kelion-voice/kelion-voice/src/utils/audioUtils.js": {"path":"/home/runner/work/kelion-voice/kelion-voice/src/utils/audioUtils.js","statementMap":{"0":{"start":{"line":3,"column":26},"end":{"line":3,"column":55}},"1":{"start":{"line":4,"column":31},"end":{"line":4,"column":65}},"2":{"start":{"line":5,"column":35},"end":{"line":5,"column":38}},"3":{"start":{"line":13,"column":2},"end":{"line":13,"column":47}},"4":{"start":{"line":13,"column":34},"end":{"line":13,"column":47}},"5":{"start":{"line":14,"column":2},"end":{"line":14,"column":58}},"6":{"start":{"line":23,"column":2},"end":{"line":23,"column":84}},"7":{"start":{"line":23,"column":71},"end":{"line":23,"column":84}},"8":{"start":{"line":24,"column":2},"end":{"line":24,"column":53}},"9":{"start":{"line":34,"column":2},"end":{"line":36,"column":3}},"10":{"start":{"line":35,"column":4},"end":{"line":35,"column":51}},"11":{"start":{"line":37,"column":2},"end":{"line":37,"column":42}},"12":{"start":{"line":46,"column":2},"end":{"line":48,"column":3}},"13":{"start":{"line":47,"column":4},"end":{"line":47,"column":74}},"14":{"start":{"line":49,"column":23},"end":{"line":49,"column":44}},"15":{"start":{"line":50,"column":18},"end":{"line":50,"column":47}},"16":{"start":{"line":51,"column":18},"end":{"line":51,"column":35}},"17":{"start":{"line":52,"column":2},"end":{"line":52,"column":83}},"18":{"start":{"line":61,"column":2},"end":{"line":61,"column":56}},"19":{"start":{"line":61,"column":43},"end":{"line":61,"column":56}},"20":{"start":{"line":62,"column":2},"end":{"line":62,"column":79}},"21":{"start":{"line":74,"column":2},"end":{"line":81,"column":3}},"22":{"start":{"line":80,"column":4},"end":{"line":80,"column":68}},"23":{"start":{"line":82,"column":2},"end":{"line":82,"column":66}},"24":{"start":{"line":85,"column":0},"end":{"line":95,"column":2}}},"fnMap":{"0":{"name":"isValidAudioFormat","decl":{"start":{"line":12,"column":9},"end":{"line":12,"column":27}},"loc":{"start":{"line":12,"column":36},"end":{"line":15,"column":1}},"line":12},"1":{"name":"isValidSampleRate","decl":{"start":{"line":22,"column":9},"end":{"line":22,"column":26}},"loc":{"start":{"line":22,"column":39},"end":{"line":25,"column":1}},"line":22},"2":{"name":"normaliseVolume","decl":{"start":{"line":33,"column":9},"end":{"line":33,"column":24}},"loc":{"start":{"line":33,"column":33},"end":{"line":38,"column":1}},"line":33},"3":{"name":"formatDuration","decl":{"start":{"line":45,"column":9},"end":{"line":45,"column":23}},"loc":{"start":{"line":45,"column":28},"end":{"line":53,"column":1}},"line":45},"4":{"name":"isDurationAllowed","decl":{"start":{"line":60,"column":9},"end":{"line":60,"column":26}},"loc":{"start":{"line":60,"column":44},"end":{"line":63,"column":1}},"line":60},"5":{"name":"estimateFileSize","decl":{"start":{"line":73,"column":9},"end":{"line":73,"column":25}},"loc":{"start":{"line":73,"column":84},"end":{"line":83,"column":1}},"line":73}},"branchMap":{"0":{"loc":{"start":{"line":13,"column":2},"end":{"line":13,"column":47}},"type":"if","locations":[{"start":{"line":13,"column":2},"end":{"line":13,"column":47}},{"start":{},"end":{}}],"line":13},"1":{"loc":{"start":{"line":23,"column":2},"end":{"line":23,"column":84}},"type":"if","locations":[{"start":{"line":23,"column":2},"end":{"line":23,"column":84}},{"start":{},"end":{}}],"line":23},"2":{"loc":{"start":{"line":23,"column":6},"end":{"line":23,"column":69}},"type":"binary-expr","locations":[{"start":{"line":23,"column":6},"end":{"line":23,"column":36}},{"start":{"line":23,"column":40},"end":{"line":23,"column":69}}],"line":23},"3":{"loc":{"start":{"line":34,"column":2},"end":{"line":36,"column":3}},"type":"if","locations":[{"start":{"line":34,"column":2},"end":{"line":36,"column":3}},{"start":{},"end":{}}],"line":34},"4":{"loc":{"start":{"line":34,"column":6},"end":{"line":34,"column":49}},"type":"binary-expr","locations":[{"start":{"line":34,"column":6},"end":{"line":34,"column":32}},{"start":{"line":34,"column":36},"end":{"line":34,"column":49}}],"line":34},"5":{"loc":{"start":{"line":46,"column":2},"end":{"line":48,"column":3}},"type":"if","locations":[{"start":{"line":46,"column":2},"end":{"line":48,"column":3}},{"start":{},"end":{}}],"line":46},"6":{"loc":{"start":{"line":46,"column":6},"end":{"line":46,"column":55}},"type":"binary-expr","locations":[{"start":{"line":46,"column":6},"end":{"line":46,"column":28}},{"start":{"line":46,"column":32},"end":{"line":46,"column":38}},{"start":{"line":46,"column":42},"end":{"line":46,"column":55}}],"line":46},"7":{"loc":{"start":{"line":61,"column":2},"end":{"line":61,"column":56}},"type":"if","locations":[{"start":{"line":61,"column":2},"end":{"line":61,"column":56}},{"start":{},"end":{}}],"line":61},"8":{"loc":{"start":{"line":62,"column":9},"end":{"line":62,"column":78}},"type":"binary-expr","locations":[{"start":{"line":62,"column":9},"end":{"line":62,"column":29}},{"start":{"line":62,"column":33},"end":{"line":62,"column":78}}],"line":62},"9":{"loc":{"start":{"line":73,"column":55},"end":{"line":73,"column":67}},"type":"default-arg","locations":[{"start":{"line":73,"column":66},"end":{"line":73,"column":67}}],"line":73},"10":{"loc":{"start":{"line":73,"column":69},"end":{"line":73,"column":82}},"type":"default-arg","locations":[{"start":{"line":73,"column":80},"end":{"line":73,"column":82}}],"line":73},"11":{"loc":{"start":{"line":74,"column":2},"end":{"line":81,"column":3}},"type":"if","locations":[{"start":{"line":74,"column":2},"end":{"line":81,"column":3}},{"start":{},"end":{}}],"line":74},"12":{"loc":{"start":{"line":75,"column":4},"end":{"line":78,"column":49}},"type":"binary-expr","locations":[{"start":{"line":75,"column":4},"end":{"line":75,"column":39}},{"start":{"line":75,"column":43},"end":{"line":75,"column":62}},{"start":{"line":76,"column":4},"end":{"line":76,"column":34}},{"start":{"line":76,"column":38},"end":{"line":76,"column":53}},{"start":{"line":77,"column":4},"end":{"line":77,"column":32}},{"start":{"line":77,"column":36},"end":{"line":77,"column":49}},{"start":{"line":78,"column":4},"end":{"line":78,"column":32}},{"start":{"line":78,"column":36},"end":{"line":78,"column":49}}],"line":75}},"s":{"0":1,"1":1,"2":1,"3":14,"4":4,"5":10,"6":12,"7":4,"8":8,"9":11,"10":4,"11":7,"12":10,"13":3,"14":7,"15":7,"16":7,"17":7,"18":6,"19":2,"20":4,"21":11,"22":4,"23":7,"24":1},"f":{"0":14,"1":12,"2":11,"3":10,"4":6,"5":11},"b":{"0":[4,10],"1":[4,8],"2":[12,10],"3":[4,7],"4":[11,8],"5":[3,7],"6":[10,9,8],"7":[2,4],"8":[4,3],"9":[3],"10":[3],"11":[4,7],"12":[11,11,10,10,9,9,8,8]},"_coverageSchema":"1a1c01bbd47fc00a2c39e90264f33305004495a9","hash":"ba1ca09c0f0c593bbca1507cfc61101683db7cfb"}
,"/home/runner/work/kelion-voice/kelion-voice/src/utils/textToSpeech.js": {"path":"/home/runner/work/kelion-voice/kelion-voice/src/utils/textToSpeech.js","statementMap":{"0":{"start":{"line":3,"column":25},"end":{"line":3,"column":78}},"1":{"start":{"line":4,"column":28},"end":{"line":4,"column":76}},"2":{"start":{"line":5,"column":18},"end":{"line":5,"column":22}},"3":{"start":{"line":6,"column":18},"end":{"line":6,"column":21}},"4":{"start":{"line":7,"column":22},"end":{"line":7,"column":25}},"5":{"start":{"line":8,"column":24},"end":{"line":8,"column":28}},"6":{"start":{"line":16,"column":2},"end":{"line":16,"column":46}},"7":{"start":{"line":16,"column":33},"end":{"line":16,"column":46}},"8":{"start":{"line":17,"column":2},"end":{"line":17,"column":56}},"9":{"start":{"line":26,"column":2},"end":{"line":26,"column":49}},"10":{"start":{"line":26,"column":36},"end":{"line":26,"column":49}},"11":{"start":{"line":27,"column":2},"end":{"line":27,"column":62}},"12":{"start":{"line":36,"column":2},"end":{"line":38,"column":3}},"13":{"start":{"line":37,"column":4},"end":{"line":37,"column":50}},"14":{"start":{"line":39,"column":2},"end":{"line":39,"column":57}},"15":{"start":{"line":49,"column":17},"end":{"line":49,"column":19}},"16":{"start":{"line":51,"column":2},"end":{"line":53,"column":3}},"17":{"start":{"line":52,"column":4},"end":{"line":52,"column":84}},"18":{"start":{"line":55,"column":76},"end":{"line":55,"column":83}},"19":{"start":{"line":57,"column":2},"end":{"line":61,"column":3}},"20":{"start":{"line":58,"column":4},"end":{"line":58,"column":67}},"21":{"start":{"line":59,"column":9},"end":{"line":61,"column":3}},"22":{"start":{"line":60,"column":4},"end":{"line":60,"column":70}},"23":{"start":{"line":63,"column":2},"end":{"line":65,"column":3}},"24":{"start":{"line":64,"column":4},"end":{"line":64,"column":72}},"25":{"start":{"line":67,"column":2},"end":{"line":69,"column":3}},"26":{"start":{"line":68,"column":4},"end":{"line":68,"column":78}},"27":{"start":{"line":71,"column":2},"end":{"line":75,"column":3}},"28":{"start":{"line":72,"column":4},"end":{"line":72,"column":42}},"29":{"start":{"line":73,"column":9},"end":{"line":75,"column":3}},"30":{"start":{"line":74,"column":4},"end":{"line":74,"column":71}},"31":{"start":{"line":77,"column":2},"end":{"line":79,"column":3}},"32":{"start":{"line":78,"column":4},"end":{"line":78,"column":53}},"33":{"start":{"line":81,"column":2},"end":{"line":90,"column":4}},"34":{"start":{"line":101,"column":2},"end":{"line":103,"column":3}},"35":{"start":{"line":102,"column":4},"end":{"line":102,"column":49}},"36":{"start":{"line":104,"column":2},"end":{"line":106,"column":3}},"37":{"start":{"line":105,"column":4},"end":{"line":105,"column":60}},"38":{"start":{"line":107,"column":27},"end":{"line":107,"column":30}},"39":{"start":{"line":108,"column":16},"end":{"line":108,"column":63}},"40":{"start":{"line":109,"column":18},"end":{"line":109,"column":52}},"41":{"start":{"line":110,"column":2},"end":{"line":110,"column":22}},"42":{"start":{"line":113,"column":0},"end":{"line":125,"column":2}}},"fnMap":{"0":{"name":"isValidVoice","decl":{"start":{"line":15,"column":9},"end":{"line":15,"column":21}},"loc":{"start":{"line":15,"column":29},"end":{"line":18,"column":1}},"line":15},"1":{"name":"isValidLanguage","decl":{"start":{"line":25,"column":9},"end":{"line":25,"column":24}},"loc":{"start":{"line":25,"column":35},"end":{"line":28,"column":1}},"line":25},"2":{"name":"clampSpeed","decl":{"start":{"line":35,"column":9},"end":{"line":35,"column":19}},"loc":{"start":{"line":35,"column":27},"end":{"line":40,"column":1}},"line":35},"3":{"name":"validateTTSRequest","decl":{"start":{"line":48,"column":9},"end":{"line":48,"column":27}},"loc":{"start":{"line":48,"column":37},"end":{"line":91,"column":1}},"line":48},"4":{"name":"estimateSpeechDuration","decl":{"start":{"line":100,"column":9},"end":{"line":100,"column":31}},"loc":{"start":{"line":100,"column":61},"end":{"line":111,"column":1}},"line":100}},"branchMap":{"0":{"loc":{"start":{"line":16,"column":2},"end":{"line":16,"column":46}},"type":"if","locations":[{"start":{"line":16,"column":2},"end":{"line":16,"column":46}},{"start":{},"end":{}}],"line":16},"1":{"loc":{"start":{"line":26,"column":2},"end":{"line":26,"column":49}},"type":"if","locations":[{"start":{"line":26,"column":2},"end":{"line":26,"column":49}},{"start":{},"end":{}}],"line":26},"2":{"loc":{"start":{"line":36,"column":2},"end":{"line":38,"column":3}},"type":"if","locations":[{"start":{"line":36,"column":2},"end":{"line":38,"column":3}},{"start":{},"end":{}}],"line":36},"3":{"loc":{"start":{"line":36,"column":6},"end":{"line":36,"column":47}},"type":"binary-expr","locations":[{"start":{"line":36,"column":6},"end":{"line":36,"column":31}},{"start":{"line":36,"column":35},"end":{"line":36,"column":47}}],"line":36},"4":{"loc":{"start":{"line":51,"column":2},"end":{"line":53,"column":3}},"type":"if","locations":[{"start":{"line":51,"column":2},"end":{"line":53,"column":3}},{"start":{},"end":{}}],"line":51},"5":{"loc":{"start":{"line":51,"column":6},"end":{"line":51,"column":45}},"type":"binary-expr","locations":[{"start":{"line":51,"column":6},"end":{"line":51,"column":14}},{"start":{"line":51,"column":18},"end":{"line":51,"column":45}}],"line":51},"6":{"loc":{"start":{"line":55,"column":16},"end":{"line":55,"column":31}},"type":"default-arg","locations":[{"start":{"line":55,"column":24},"end":{"line":55,"column":31}}],"line":55},"7":{"loc":{"start":{"line":55,"column":33},"end":{"line":55,"column":48}},"type":"default-arg","locations":[{"start":{"line":55,"column":44},"end":{"line":55,"column":48}}],"line":55},"8":{"loc":{"start":{"line":55,"column":50},"end":{"line":55,"column":71}},"type":"default-arg","locations":[{"start":{"line":55,"column":58},"end":{"line":55,"column":71}}],"line":55},"9":{"loc":{"start":{"line":57,"column":2},"end":{"line":61,"column":3}},"type":"if","locations":[{"start":{"line":57,"column":2},"end":{"line":61,"column":3}},{"start":{"line":59,"column":9},"end":{"line":61,"column":3}}],"line":57},"10":{"loc":{"start":{"line":57,"column":6},"end":{"line":57,"column":58}},"type":"binary-expr","locations":[{"start":{"line":57,"column":6},"end":{"line":57,"column":30}},{"start":{"line":57,"column":34},"end":{"line":57,"column":58}}],"line":57},"11":{"loc":{"start":{"line":59,"column":9},"end":{"line":61,"column":3}},"type":"if","locations":[{"start":{"line":59,"column":9},"end":{"line":61,"column":3}},{"start":{},"end":{}}],"line":59},"12":{"loc":{"start":{"line":63,"column":2},"end":{"line":65,"column":3}},"type":"if","locations":[{"start":{"line":63,"column":2},"end":{"line":65,"column":3}},{"start":{},"end":{}}],"line":63},"13":{"loc":{"start":{"line":67,"column":2},"end":{"line":69,"column":3}},"type":"if","locations":[{"start":{"line":67,"column":2},"end":{"line":69,"column":3}},{"start":{},"end":{}}],"line":67},"14":{"loc":{"start":{"line":71,"column":2},"end":{"line":75,"column":3}},"type":"if","locations":[{"start":{"line":71,"column":2},"end":{"line":75,"column":3}},{"start":{"line":73,"column":9},"end":{"line":75,"column":3}}],"line":71},"15":{"loc":{"start":{"line":71,"column":6},"end":{"line":71,"column":47}},"type":"binary-expr","locations":[{"start":{"line":71,"column":6},"end":{"line":71,"column":31}},{"start":{"line":71,"column":35},"end":{"line":71,"column":47}}],"line":71},"16":{"loc":{"start":{"line":73,"column":9},"end":{"line":75,"column":3}},"type":"if","locations":[{"start":{"line":73,"column":9},"end":{"line":75,"column":3}},{"start":{},"end":{}}],"line":73},"17":{"loc":{"start":{"line":73,"column":13},"end":{"line":73,"column":51}},"type":"binary-expr","locations":[{"start":{"line":73,"column":13},"end":{"line":73,"column":30}},{"start":{"line":73,"column":34},"end":{"line":73,"column":51}}],"line":73},"18":{"loc":{"start":{"line":77,"column":2},"end":{"line":79,"column":3}},"type":"if","locations":[{"start":{"line":77,"column":2},"end":{"line":79,"column":3}},{"start":{},"end":{}}],"line":77},"19":{"loc":{"start":{"line":100,"column":38},"end":{"line":100,"column":59}},"type":"default-arg","locations":[{"start":{"line":100,"column":46},"end":{"line":100,"column":59}}],"line":100},"20":{"loc":{"start":{"line":101,"column":2},"end":{"line":103,"column":3}},"type":"if","locations":[{"start":{"line":101,"column":2},"end":{"line":103,"column":3}},{"start":{},"end":{}}],"line":101},"21":{"loc":{"start":{"line":104,"column":2},"end":{"line":106,"column":3}},"type":"if","locations":[{"start":{"line":104,"column":2},"end":{"line":106,"column":3}},{"start":{},"end":{}}],"line":104},"22":{"loc":{"start":{"line":104,"column":6},"end":{"line":104,"column":45}},"type":"binary-expr","locations":[{"start":{"line":104,"column":6},"end":{"line":104,"column":31}},{"start":{"line":104,"column":35},"end":{"line":104,"column":45}}],"line":104}},"s":{"0":3,"1":3,"2":3,"3":3,"4":3,"5":3,"6":32,"7":3,"8":29,"9":33,"10":2,"11":31,"12":11,"13":3,"14":8,"15":22,"16":22,"17":3,"18":19,"19":19,"20":5,"21":14,"22":1,"23":19,"24":3,"25":19,"26":3,"27":19,"28":1,"29":18,"30":3,"31":19,"32":13,"33":6,"34":18,"35":2,"36":16,"37":2,"38":14,"39":14,"40":14,"41":14,"42":3},"f":{"0":32,"1":33,"2":11,"3":22,"4":18},"b":{"0":[3,29],"1":[2,31],"2":[3,8],"3":[11,9],"4":[3,19],"5":[22,20],"6":[11],"7":[13],"8":[13],"9":[5,14],"10":[19,17],"11":[1,13],"12":[3,16],"13":[3,16],"14":[1,18],"15":[19,18],"16":[3,15],"17":[18,18],"18":[13,6],"19":[7],"20":[2,16],"21":[2,14],"22":[16,16]},"_coverageSchema":"1a1c01bbd47fc00a2c39e90264f33305004495a9","hash":"20767bb6b580d260e4603100b4a6bdd8c3c93045"}
}
