TN:
SF:src/app.js
FN:10,(anonymous_0)
FN:16,(anonymous_1)
FN:20,(anonymous_2)
FNF:3
FNH:2
FNDA:1,(anonymous_0)
FNDA:2,(anonymous_1)
FNDA:0,(anonymous_2)
DA:3,2
DA:4,2
DA:6,2
DA:8,2
DA:10,2
DA:11,1
DA:14,2
DA:16,2
DA:17,2
DA:20,2
DA:27,2
DA:29,2
LF:12
LH:12
BRDA:29,0,0,0
BRDA:29,0,1,2
BRF:2
BRH:1
end_of_record
TN:
SF:src/middleware/validation.js
FN:6,requireJson
FN:17,requireFields
FN:18,(anonymous_2)
FN:19,(anonymous_3)
FN:34,limitPayloadSize
FN:35,(anonymous_5)
FNF:6
FNH:6
FNDA:3,requireJson
FNDA:5,requireFields
FNDA:19,(anonymous_2)
FNDA:23,(anonymous_3)
FNDA:3,limitPayloadSize
FNDA:11,(anonymous_5)
DA:7,3
DA:8,2
DA:10,1
DA:18,5
DA:19,23
DA:20,19
DA:21,5
DA:26,14
DA:35,3
DA:36,11
DA:37,11
DA:38,2
DA:42,9
DA:46,3
LF:14
LH:14
BRDA:7,0,0,2
BRDA:7,0,1,1
BRDA:19,1,0,23
BRDA:19,1,1,18
BRDA:20,2,0,5
BRDA:20,2,1,14
BRDA:36,3,0,11
BRDA:36,3,1,1
BRDA:37,4,0,2
BRDA:37,4,1,9
BRF:10
BRH:10
end_of_record
TN:
SF:src/routes/voice.js
FN:11,(anonymous_0)
FN:15,(anonymous_1)
FN:19,(anonymous_2)
FN:36,(anonymous_3)
FNF:4
FNH:4
FNDA:1,(anonymous_0)
FNDA:1,(anonymous_1)
FNDA:6,(anonymous_2)
FNDA:7,(anonymous_3)
DA:3,2
DA:4,2
DA:5,2
DA:7,2
DA:9,2
DA:11,2
DA:12,1
DA:15,2
DA:16,1
DA:19,2
DA:20,6
DA:22,6
DA:23,4
DA:26,2
DA:27,2
DA:29,2
DA:36,2
DA:37,7
DA:39,7
DA:40,1
DA:43,6
DA:45,6
DA:46,2
DA:49,4
DA:51,4
DA:57,2
LF:26
LH:26
BRDA:22,0,0,4
BRDA:22,0,1,2
BRDA:39,1,0,1
BRDA:39,1,1,6
BRDA:39,2,0,7
BRDA:39,2,1,7
BRDA:43,3,0,4
BRDA:43,3,1,2
BRDA:45,4,0,2
BRDA:45,4,1,4
BRDA:45,5,0,6
BRDA:45,5,1,5
BRF:12
BRH:12
end_of_record
TN:
SF:src/utils/audioUtils.js
FN:12,isValidAudioFormat
FN:22,isValidSampleRate
FN:33,normaliseVolume
FN:45,formatDuration
FN:60,isDurationAllowed
FN:73,estimateFileSize
FNF:6
FNH:6
FNDA:14,isValidAudioFormat
FNDA:12,isValidSampleRate
FNDA:11,normaliseVolume
FNDA:10,formatDuration
FNDA:6,isDurationAllowed
FNDA:11,estimateFileSize
DA:3,1
DA:4,1
DA:5,1
DA:13,14
DA:14,10
DA:23,12
DA:24,8
DA:34,11
DA:35,4
DA:37,7
DA:46,10
DA:47,3
DA:49,7
DA:50,7
DA:51,7
DA:52,7
DA:61,6
DA:62,4
DA:74,11
DA:80,4
DA:82,7
DA:85,1
LF:22
LH:22
BRDA:13,0,0,4
BRDA:13,0,1,10
BRDA:23,1,0,4
BRDA:23,1,1,8
BRDA:23,2,0,12
BRDA:23,2,1,10
BRDA:34,3,0,4
BRDA:34,3,1,7
BRDA:34,4,0,11
BRDA:34,4,1,8
BRDA:46,5,0,3
BRDA:46,5,1,7
BRDA:46,6,0,10
BRDA:46,6,1,9
BRDA:46,6,2,8
BRDA:61,7,0,2
BRDA:61,7,1,4
BRDA:62,8,0,4
BRDA:62,8,1,3
BRDA:73,9,0,3
BRDA:73,10,0,3
BRDA:74,11,0,4
BRDA:74,11,1,7
BRDA:75,12,0,11
BRDA:75,12,1,11
BRDA:75,12,2,10
BRDA:75,12,3,10
BRDA:75,12,4,9
BRDA:75,12,5,9
BRDA:75,12,6,8
BRDA:75,12,7,8
BRF:31
BRH:31
end_of_record
TN:
SF:src/utils/textToSpeech.js
FN:15,isValidVoice
FN:25,isValidLanguage
FN:35,clampSpeed
FN:48,validateTTSRequest
FN:100,estimateSpeechDuration
FNF:5
FNH:5
FNDA:32,isValidVoice
FNDA:33,isValidLanguage
FNDA:11,clampSpeed
FNDA:22,validateTTSRequest
FNDA:18,estimateSpeechDuration
DA:3,3
DA:4,3
DA:5,3
DA:6,3
DA:7,3
DA:8,3
DA:16,32
DA:17,29
DA:26,33
DA:27,31
DA:36,11
DA:37,3
DA:39,8
DA:49,22
DA:51,22
DA:52,3
DA:55,19
DA:57,19
DA:58,5
DA:59,14
DA:60,1
DA:63,19
DA:64,3
DA:67,19
DA:68,3
DA:71,19
DA:72,1
DA:73,18
DA:74,3
DA:77,19
DA:78,13
DA:81,6
DA:101,18
DA:102,2
DA:104,16
DA:105,2
DA:107,14
DA:108,14
DA:109,14
DA:110,14
DA:113,3
LF:41
LH:41
BRDA:16,0,0,3
BRDA:16,0,1,29
BRDA:26,1,0,2
BRDA:26,1,1,31
BRDA:36,2,0,3
BRDA:36,2,1,8
BRDA:36,3,0,11
BRDA:36,3,1,9
BRDA:51,4,0,3
BRDA:51,4,1,19
BRDA:51,5,0,22
BRDA:51,5,1,20
BRDA:55,6,0,11
BRDA:55,7,0,13
BRDA:55,8,0,13
BRDA:57,9,0,5
BRDA:57,9,1,14
BRDA:57,10,0,19
BRDA:57,10,1,17
BRDA:59,11,0,1
BRDA:59,11,1,13
BRDA:63,12,0,3
BRDA:63,12,1,16
BRDA:67,13,0,3
BRDA:67,13,1,16
BRDA:71,14,0,1
BRDA:71,14,1,18
BRDA:71,15,0,19
BRDA:71,15,1,18
BRDA:73,16,0,3
BRDA:73,16,1,15
BRDA:73,17,0,18
BRDA:73,17,1,18
BRDA:77,18,0,13
BRDA:77,18,1,6
BRDA:100,19,0,7
BRDA:101,20,0,2
BRDA:101,20,1,16
BRDA:104,21,0,2
BRDA:104,21,1,14
BRDA:104,22,0,16
BRDA:104,22,1,16
BRF:42
BRH:42
end_of_record
